<?xml version="1.0" encoding="UTF-8"?>
<!-- Generated by org.testng.reporters.JUnitXMLReporter -->
<testsuite ignored="0" hostname="AmitKumar-AtlasAdm" failures="1" tests="1" name="Test" time="55.834" errors="0" timestamp="2025-04-16T17:53:13 IST">
  <testcase classname="com.cms.testcases.TimeOverlappingScenarioTest" name="ValidateUserAccessPermission" time="48.596">
    <failure type="java.lang.AssertionError" message="The following asserts failed:
	expected [Timesheet created successfully!] but found [Time entry overlaps with an existing timesheet.]">
      <![CDATA[java.lang.AssertionError: The following asserts failed:
expected [Timesheet created successfully!] but found [Time entry overlaps with an existing timesheet.]
at com.cms.testcases.TimeOverlappingScenarioTest.ValidateUserAccessPermission(TimeOverlappingScenarioTest.java:117)
at java.base/java.util.ArrayList.forEach(ArrayList.java:1596)
... Removed 27 stack frames]]>
    </failure>
  </testcase> <!-- ValidateUserAccessPermission -->
</testsuite> <!-- Test -->
