<?xml version="1.0" encoding="UTF-8"?>
<!-- Generated by org.testng.reporters.JUnitXMLReporter -->
<testsuite ignored="0" hostname="AmitKumar-AtlasAdm" failures="0" tests="3" name="Test" time="70.644" errors="0" timestamp="2025-08-28T03:44:15 GMT-04:00">
  <testcase classname="com.cms.testcases.ApprovalRegularizationTest" name="DeleteTestUserRecord" time="2.153"/>
  <testcase classname="com.cms.testcases.ApprovalRegularizationTest" name="ValidateRegularizationFunctionality" time="38.284"/>
  <testcase classname="com.cms.testcases.ApprovalRegularizationTest" name="ValidateApproveRegularizationFunctionality" time="19.465"/>
</testsuite> <!-- Test -->
