<?xml version="1.0" encoding="UTF-8"?>
<!-- Generated by org.testng.reporters.JUnitXMLReporter -->
<testsuite ignored="0" hostname="AmitKumar-AtlasAdm" failures="0" tests="4" name="Test2" time="137.038" errors="0" timestamp="2024-10-04T17:14:34 IST">
  <testcase classname="com.cms.testcases.Contact_E2E_Flow4" name="VerifyAddNewContactFunctionality" time="102.796"/>
  <testcase classname="com.cms.testcases.Contact_E2E_Flow4" name="GetContact" time="1.01"/>
  <testcase classname="com.cms.testcases.Contact_E2E_Flow4" name="DeleteContact" time="1.007"/>
  <testcase classname="com.cms.testcases.Contact_E2E_Flow4" name="AllValidationCheck" time="0.002"/>
</testsuite> <!-- Test2 -->
