<?xml version="1.0" encoding="UTF-8"?>
<testng-results ignored="0" total="1" passed="1" failed="0" skipped="0">
  <reporter-output>
  </reporter-output>
  <suite started-at="2025-06-24T08:17:42 GMT-04:00" name="Suite" finished-at="2025-06-24T08:18:33 GMT-04:00" duration-ms="50801">
    <groups>
    </groups>
    <test started-at="2025-06-24T08:17:42 GMT-04:00" name="Test" finished-at="2025-06-24T08:18:33 GMT-04:00" duration-ms="50801">
      <class name="com.cms.testcases.TimesheetSubmissionTest">
        <test-method is-config="true" signature="openUrl(java.lang.String)[pri:0, instance:com.cms.testcases.TimesheetSubmissionTest@229f66ed]" started-at="2025-06-24T08:17:42 GMT-04:00" name="openUrl" finished-at="2025-06-24T08:17:53 GMT-04:00" duration-ms="10935" status="PASS">
          <params>
            <param index="0">
              <value>
                <![CDATA[chrome]]>
              </value>
            </param>
          </params>
          <reporter-output>
          </reporter-output>
        </test-method> <!-- openUrl -->
        <test-method signature="ValidateaddNewTimesheetFunctionality()[pri:1, instance:com.cms.testcases.TimesheetSubmissionTest@229f66ed]" started-at="2025-06-24T08:17:53 GMT-04:00" name="ValidateaddNewTimesheetFunctionality" finished-at="2025-06-24T08:18:31 GMT-04:00" duration-ms="38098" status="PASS">
          <reporter-output>
          </reporter-output>
        </test-method> <!-- ValidateaddNewTimesheetFunctionality -->
        <test-method is-config="true" signature="closebrowser()[pri:0, instance:com.cms.testcases.TimesheetSubmissionTest@229f66ed]" started-at="2025-06-24T08:18:32 GMT-04:00" name="closebrowser" finished-at="2025-06-24T08:18:33 GMT-04:00" duration-ms="1125" status="PASS">
          <reporter-output>
          </reporter-output>
        </test-method> <!-- closebrowser -->
      </class> <!-- com.cms.testcases.TimesheetSubmissionTest -->
    </test> <!-- Test -->
  </suite> <!-- Suite -->
</testng-results>
