<?xml version="1.0" encoding="UTF-8"?>
<testng-results ignored="0" total="5" passed="5" failed="0" skipped="0">
  <reporter-output>
  </reporter-output>
  <suite started-at="2025-07-30T14:54:16 IST" name="Suite" finished-at="2025-07-30T14:55:12 IST" duration-ms="56029">
    <groups>
    </groups>
    <test started-at="2025-07-30T14:54:16 IST" name="Test" finished-at="2025-07-30T14:55:12 IST" duration-ms="56029">
      <class name="com.cms.testcases.AddTaskTestNegativeScenario_3">
        <test-method is-config="true" signature="openUrl(java.lang.String)[pri:0, instance:com.cms.testcases.AddTaskTestNegativeScenario_3@f5958c9]" started-at="2025-07-30T14:54:16 IST" name="openUrl" finished-at="2025-07-30T14:54:21 IST" duration-ms="5151" status="PASS">
          <params>
            <param index="0">
              <value>
                <![CDATA[chrome]]>
              </value>
            </param>
          </params>
          <reporter-output>
          </reporter-output>
        </test-method> <!-- openUrl -->
        <test-method signature="ValidateClockIn()[pri:1, instance:com.cms.testcases.AddTaskTestNegativeScenario_3@f5958c9]" started-at="2025-07-30T14:54:21 IST" name="ValidateClockIn" finished-at="2025-07-30T14:54:25 IST" duration-ms="3505" status="PASS">
          <reporter-output>
          </reporter-output>
        </test-method> <!-- ValidateClockIn -->
        <test-method signature="ValidateBreakIn()[pri:2, instance:com.cms.testcases.AddTaskTestNegativeScenario_3@f5958c9]" started-at="2025-07-30T14:54:25 IST" name="ValidateBreakIn" finished-at="2025-07-30T14:54:26 IST" depends-on-methods="com.cms.testcases.AddTaskTestNegativeScenario_3.ValidateClockIn" duration-ms="1342" status="PASS">
          <reporter-output>
          </reporter-output>
        </test-method> <!-- ValidateBreakIn -->
        <test-method signature="ValidateBreakOut()[pri:3, instance:com.cms.testcases.AddTaskTestNegativeScenario_3@f5958c9]" started-at="2025-07-30T14:54:27 IST" name="ValidateBreakOut" finished-at="2025-07-30T14:54:28 IST" depends-on-methods="com.cms.testcases.AddTaskTestNegativeScenario_3.ValidateBreakIn" duration-ms="1251" status="PASS">
          <reporter-output>
          </reporter-output>
        </test-method> <!-- ValidateBreakOut -->
        <test-method signature="ValidateClockOut()[pri:4, instance:com.cms.testcases.AddTaskTestNegativeScenario_3@f5958c9]" started-at="2025-07-30T14:54:28 IST" name="ValidateClockOut" finished-at="2025-07-30T14:54:30 IST" depends-on-methods="com.cms.testcases.AddTaskTestNegativeScenario_3.ValidateBreakOut" duration-ms="1316" status="PASS">
          <reporter-output>
          </reporter-output>
        </test-method> <!-- ValidateClockOut -->
        <test-method signature="ValidateAddTaskFunctionalityAfterClockOut()[pri:5, instance:com.cms.testcases.AddTaskTestNegativeScenario_3@f5958c9]" started-at="2025-07-30T14:54:30 IST" name="ValidateAddTaskFunctionalityAfterClockOut" finished-at="2025-07-30T14:55:11 IST" duration-ms="40807" status="PASS">
          <reporter-output>
          </reporter-output>
        </test-method> <!-- ValidateAddTaskFunctionalityAfterClockOut -->
        <test-method is-config="true" signature="closebrowser()[pri:0, instance:com.cms.testcases.AddTaskTestNegativeScenario_3@f5958c9]" started-at="2025-07-30T14:55:11 IST" name="closebrowser" finished-at="2025-07-30T14:55:12 IST" duration-ms="786" status="PASS">
          <reporter-output>
          </reporter-output>
        </test-method> <!-- closebrowser -->
      </class> <!-- com.cms.testcases.AddTaskTestNegativeScenario_3 -->
    </test> <!-- Test -->
  </suite> <!-- Suite -->
</testng-results>
